<?xml version="1.0" encoding="UTF-8"?>
<testng-results ignored="0" total="5" passed="5" failed="0" skipped="0">
  <reporter-output>
  </reporter-output>
  <suite started-at="2025-01-05T05:11:49 GMT" name="FlightReservation Suite" finished-at="2025-01-05T05:12:20 GMT" duration-ms="30234">
    <groups>
    </groups>
    <test started-at="2025-01-05T05:11:49 GMT" name="FlightReservation Test" finished-at="2025-01-05T05:12:20 GMT" duration-ms="30234">
      <class name="test.ReservationTest">
        <test-method is-config="true" signature="configSetUp()[pri:0, instance:test.ReservationTest@c94fd30]" started-at="2025-01-05T05:11:49 GMT" name="configSetUp" finished-at="2025-01-05T05:11:49 GMT" duration-ms="10" status="PASS">
          <reporter-output>
          </reporter-output>
        </test-method> <!-- configSetUp -->
        <test-method is-config="true" signature="setup(java.lang.String)[pri:0, instance:test.ReservationTest@c94fd30]" started-at="2025-01-05T05:11:49 GMT" name="setup" finished-at="2025-01-05T05:11:51 GMT" duration-ms="2014" status="PASS">
          <params>
            <param index="0">
              <value>
                <![CDATA[/home/selenium-docker/DataFiles/TestData.json]]>
              </value>
            </param>
          </params>
          <reporter-output>
          </reporter-output>
        </test-method> <!-- setup -->
        <test-method signature="registration()[pri:0, instance:test.ReservationTest@c94fd30]" started-at="2025-01-05T05:11:51 GMT" name="registration" finished-at="2025-01-05T05:11:53 GMT" duration-ms="1372" status="PASS">
          <reporter-output>
          </reporter-output>
        </test-method> <!-- registration -->
        <test-method is-config="true" signature="sleep()[pri:0, instance:test.ReservationTest@c94fd30]" started-at="2025-01-05T05:11:53 GMT" name="sleep" finished-at="2025-01-05T05:11:58 GMT" duration-ms="4985" status="PASS">
          <reporter-output>
          </reporter-output>
        </test-method> <!-- sleep -->
        <test-method signature="registrationConfirmation()[pri:0, instance:test.ReservationTest@c94fd30]" started-at="2025-01-05T05:11:58 GMT" name="registrationConfirmation" finished-at="2025-01-05T05:11:58 GMT" depends-on-methods="test.ReservationTest.registration" duration-ms="201" status="PASS">
          <reporter-output>
          </reporter-output>
        </test-method> <!-- registrationConfirmation -->
        <test-method is-config="true" signature="sleep()[pri:0, instance:test.ReservationTest@c94fd30]" started-at="2025-01-05T05:11:58 GMT" name="sleep" finished-at="2025-01-05T05:12:03 GMT" duration-ms="5001" status="PASS">
          <reporter-output>
          </reporter-output>
        </test-method> <!-- sleep -->
        <test-method signature="flightSearch()[pri:0, instance:test.ReservationTest@c94fd30]" started-at="2025-01-05T05:12:03 GMT" name="flightSearch" finished-at="2025-01-05T05:12:03 GMT" depends-on-methods="test.ReservationTest.registrationConfirmation" duration-ms="605" status="PASS">
          <reporter-output>
          </reporter-output>
        </test-method> <!-- flightSearch -->
        <test-method is-config="true" signature="sleep()[pri:0, instance:test.ReservationTest@c94fd30]" started-at="2025-01-05T05:12:03 GMT" name="sleep" finished-at="2025-01-05T05:12:08 GMT" duration-ms="5000" status="PASS">
          <reporter-output>
          </reporter-output>
        </test-method> <!-- sleep -->
        <test-method signature="selectFlights()[pri:0, instance:test.ReservationTest@c94fd30]" started-at="2025-01-05T05:12:08 GMT" name="selectFlights" finished-at="2025-01-05T05:12:09 GMT" depends-on-methods="test.ReservationTest.flightSearch" duration-ms="751" status="PASS">
          <reporter-output>
          </reporter-output>
        </test-method> <!-- selectFlights -->
        <test-method is-config="true" signature="sleep()[pri:0, instance:test.ReservationTest@c94fd30]" started-at="2025-01-05T05:12:09 GMT" name="sleep" finished-at="2025-01-05T05:12:14 GMT" duration-ms="5001" status="PASS">
          <reporter-output>
          </reporter-output>
        </test-method> <!-- sleep -->
        <test-method signature="reservationConfirmation()[pri:0, instance:test.ReservationTest@c94fd30]" started-at="2025-01-05T05:12:14 GMT" name="reservationConfirmation" finished-at="2025-01-05T05:12:14 GMT" depends-on-methods="test.ReservationTest.selectFlights" duration-ms="166" status="PASS">
          <reporter-output>
          </reporter-output>
        </test-method> <!-- reservationConfirmation -->
        <test-method is-config="true" signature="sleep()[pri:0, instance:test.ReservationTest@c94fd30]" started-at="2025-01-05T05:12:14 GMT" name="sleep" finished-at="2025-01-05T05:12:19 GMT" duration-ms="5000" status="PASS">
          <reporter-output>
          </reporter-output>
        </test-method> <!-- sleep -->
        <test-method is-config="true" signature="tearDown()[pri:0, instance:test.ReservationTest@c94fd30]" started-at="2025-01-05T05:12:19 GMT" name="tearDown" finished-at="2025-01-05T05:12:20 GMT" duration-ms="111" status="PASS">
          <reporter-output>
          </reporter-output>
        </test-method> <!-- tearDown -->
      </class> <!-- test.ReservationTest -->
    </test> <!-- FlightReservation Test -->
  </suite> <!-- FlightReservation Suite -->
</testng-results>
